fontend-react-native/android/app/build/intermediates/manifest_merge_blame_file/debug/manifest-merger-blame-debug-report.txt
1<?xml version="1.0" encoding="utf-8"?>
2<manifest xmlns:android="http://schemas.android.com/apk/res/android"
3    package="com.davidpr.Receptarium"
4    android:versionCode="1"
5    android:versionName="1.0.0" >
6
7    <uses-sdk
8        android:minSdkVersion="21"
9        android:targetSdkVersion="33" />
10
11    <uses-permission android:name="android.permission.SYSTEM_ALERT_WINDOW" />
11-->src\main\AndroidManifest.xml:9:3-75
11-->src\main\AndroidManifest.xml:9:20-73
12    <uses-permission android:name="android.permission.ACCESS_COARSE_LOCATION" />
12-->src\main\AndroidManifest.xml:2:3-78
12-->src\main\AndroidManifest.xml:2:20-76
13    <uses-permission android:name="android.permission.ACCESS_FINE_LOCATION" />
13-->src\main\AndroidManifest.xml:3:3-76
13-->src\main\AndroidManifest.xml:3:20-74
14    <uses-permission android:name="android.permission.FOREGROUND_SERVICE" />
14-->src\main\AndroidManifest.xml:4:3-74
14-->src\main\AndroidManifest.xml:4:20-72
15    <uses-permission android:name="android.permission.INTERNET" />
15-->src\main\AndroidManifest.xml:5:3-64
15-->src\main\AndroidManifest.xml:5:20-62
16    <uses-permission android:name="android.permission.MEDIA_LIBRARY" />
16-->src\main\AndroidManifest.xml:6:3-69
16-->src\main\AndroidManifest.xml:6:20-67
17    <uses-permission android:name="android.permission.READ_EXTERNAL_STORAGE" />
17-->src\main\AndroidManifest.xml:7:3-77
17-->src\main\AndroidManifest.xml:7:20-75
18    <uses-permission android:name="android.permission.RECORD_AUDIO" />
18-->src\main\AndroidManifest.xml:8:3-68
18-->src\main\AndroidManifest.xml:8:20-66
19    <uses-permission android:name="android.permission.VIBRATE" />
19-->src\main\AndroidManifest.xml:10:3-63
19-->src\main\AndroidManifest.xml:10:20-61
20    <uses-permission android:name="android.permission.WRITE_EXTERNAL_STORAGE" />
20-->src\main\AndroidManifest.xml:11:3-78
20-->src\main\AndroidManifest.xml:11:20-76
21
22    <queries>
22-->src\main\AndroidManifest.xml:12:3-18:13
23        <intent>
23-->src\main\AndroidManifest.xml:13:5-17:14
24            <action android:name="android.intent.action.VIEW" />
24-->src\main\AndroidManifest.xml:14:7-58
24-->src\main\AndroidManifest.xml:14:15-56
25
26            <category android:name="android.intent.category.BROWSABLE" />
26-->src\main\AndroidManifest.xml:15:7-67
26-->src\main\AndroidManifest.xml:15:17-65
27
28            <data android:scheme="https" />
28-->src\main\AndroidManifest.xml:16:7-37
28-->src\main\AndroidManifest.xml:16:13-35
29        </intent>
30
31        <package android:name="host.exp.exponent" /> <!-- Query open documents -->
31-->[:expo-dev-launcher] AndroidManifest.xml:8:9-53
31-->[:expo-dev-launcher] AndroidManifest.xml:8:18-50
32        <intent>
32-->[:expo-file-system] AndroidManifest.xml:15:9-17:18
33            <action android:name="android.intent.action.OPEN_DOCUMENT_TREE" />
33-->[:expo-file-system] AndroidManifest.xml:16:13-79
33-->[:expo-file-system] AndroidManifest.xml:16:21-76
34        </intent>
35        <intent>
35-->[:expo-image-picker] AndroidManifest.xml:17:9-21:18
36
37            <!-- Required for picking images from the camera roll if targeting API 30 -->
38            <action android:name="android.media.action.IMAGE_CAPTURE" />
38-->[:expo-image-picker] AndroidManifest.xml:20:13-73
38-->[:expo-image-picker] AndroidManifest.xml:20:21-70
39        </intent>
40        <intent>
40-->[:expo-image-picker] AndroidManifest.xml:22:9-26:18
41
42            <!-- Required for picking images from the camera if targeting API 30 -->
43            <action android:name="android.media.action.ACTION_VIDEO_CAPTURE" />
43-->[:expo-image-picker] AndroidManifest.xml:25:13-80
43-->[:expo-image-picker] AndroidManifest.xml:25:21-77
44        </intent>
45        <intent>
45-->[com.github.CanHub:Android-Image-Cropper:4.3.1] AndroidManifest.xml:10:9-16:18
46            <action android:name="android.intent.action.GET_CONTENT" />
46-->[com.github.CanHub:Android-Image-Cropper:4.3.1] AndroidManifest.xml:11:13-72
46-->[com.github.CanHub:Android-Image-Cropper:4.3.1] AndroidManifest.xml:11:21-69
47
48            <category android:name="android.intent.category.OPENABLE" />
48-->[com.github.CanHub:Android-Image-Cropper:4.3.1] AndroidManifest.xml:13:13-73
48-->[com.github.CanHub:Android-Image-Cropper:4.3.1] AndroidManifest.xml:13:23-70
49
50            <data android:mimeType="*/*" />
50-->src\main\AndroidManifest.xml:16:7-37
51        </intent>
52    </queries>
53
54    <uses-permission android:name="android.permission.ACCESS_WIFI_STATE" />
54-->[com.facebook.flipper:flipper:0.182.0] AndroidManifest.xml:16:5-76
54-->[com.facebook.flipper:flipper:0.182.0] AndroidManifest.xml:16:22-73
55    <uses-permission android:name="android.permission.WAKE_LOCK" />
55-->[:react-native-firebase_auth] AndroidManifest.xml:8:5-68
55-->[:react-native-firebase_auth] AndroidManifest.xml:8:22-65
56    <uses-permission android:name="android.permission.ACCESS_NETWORK_STATE" /> <!-- Required for picking images from camera directly -->
56-->[:react-native-firebase_auth] AndroidManifest.xml:9:5-79
56-->[:react-native-firebase_auth] AndroidManifest.xml:9:22-76
57    <uses-permission android:name="android.permission.CAMERA" />
57-->[:expo-image-picker] AndroidManifest.xml:8:5-65
57-->[:expo-image-picker] AndroidManifest.xml:8:22-62
58    <uses-permission android:name="android.permission.READ_MEDIA_IMAGES" />
58-->[:expo-image-picker] AndroidManifest.xml:13:5-76
58-->[:expo-image-picker] AndroidManifest.xml:13:22-73
59    <uses-permission android:name="android.permission.READ_MEDIA_VIDEO" />
59-->[:expo-image-picker] AndroidManifest.xml:14:5-75
59-->[:expo-image-picker] AndroidManifest.xml:14:22-72
60    <uses-permission android:name="android.permission.READ_MEDIA_AUDIO" />
60-->[:expo-media-library] AndroidManifest.xml:9:5-75
60-->[:expo-media-library] AndroidManifest.xml:9:22-72
61    <uses-permission android:name="android.permission.ACCESS_MEDIA_LOCATION" />
61-->[:expo-media-library] AndroidManifest.xml:10:5-80
61-->[:expo-media-library] AndroidManifest.xml:10:22-77
62    <uses-permission android:name="android.permission.USE_BIOMETRIC" /> <!-- suppress DeprecatedClassUsageInspection -->
62-->[androidx.biometric:biometric:1.1.0] AndroidManifest.xml:24:5-72
62-->[androidx.biometric:biometric:1.1.0] AndroidManifest.xml:24:22-69
63    <uses-permission android:name="android.permission.USE_FINGERPRINT" />
63-->[androidx.biometric:biometric:1.1.0] AndroidManifest.xml:27:5-74
63-->[androidx.biometric:biometric:1.1.0] AndroidManifest.xml:27:22-71
64    <uses-permission android:name="com.google.android.providers.gsf.permission.READ_GSERVICES" />
64-->[com.google.android.recaptcha:recaptcha:18.4.0] AndroidManifest.xml:9:5-98
64-->[com.google.android.recaptcha:recaptcha:18.4.0] AndroidManifest.xml:9:22-95
65
66    <permission
66-->[androidx.core:core:1.9.0] AndroidManifest.xml:22:5-24:47
67        android:name="com.davidpr.Receptarium.DYNAMIC_RECEIVER_NOT_EXPORTED_PERMISSION"
67-->[androidx.core:core:1.9.0] AndroidManifest.xml:23:9-81
68        android:protectionLevel="signature" />
68-->[androidx.core:core:1.9.0] AndroidManifest.xml:24:9-44
69
70    <uses-permission android:name="com.davidpr.Receptarium.DYNAMIC_RECEIVER_NOT_EXPORTED_PERMISSION" />
70-->[androidx.core:core:1.9.0] AndroidManifest.xml:26:5-97
70-->[androidx.core:core:1.9.0] AndroidManifest.xml:26:22-94
71    <uses-permission android:name="com.google.android.finsky.permission.BIND_GET_INSTALL_REFERRER_SERVICE" />
71-->[com.android.installreferrer:installreferrer:1.0] AndroidManifest.xml:9:5-110
71-->[com.android.installreferrer:installreferrer:1.0] AndroidManifest.xml:9:22-107
72    <uses-permission android:name="com.google.android.gms.permission.ACTIVITY_RECOGNITION" />
72-->[io.nlopez.smartlocation:library:3.3.3] AndroidManifest.xml:16:5-94
72-->[io.nlopez.smartlocation:library:3.3.3] AndroidManifest.xml:16:22-91
73
74    <application
74-->src\main\AndroidManifest.xml:19:3-38:17
75        android:name="com.davidpr.Receptarium.MainApplication"
75-->src\main\AndroidManifest.xml:19:16-47
76        android:allowBackup="true"
76-->src\main\AndroidManifest.xml:19:162-188
77        android:appComponentFactory="androidx.core.app.CoreComponentFactory"
77-->[androidx.core:core:1.9.0] AndroidManifest.xml:28:18-86
78        android:debuggable="true"
79        android:icon="@mipmap/ic_launcher"
79-->src\main\AndroidManifest.xml:19:81-115
80        android:label="@string/app_name"
80-->src\main\AndroidManifest.xml:19:48-80
81        android:requestLegacyExternalStorage="true"
81-->src\main\AndroidManifest.xml:19:221-264
82        android:roundIcon="@mipmap/ic_launcher_round"
82-->src\main\AndroidManifest.xml:19:116-161
83        android:theme="@style/AppTheme"
83-->src\main\AndroidManifest.xml:19:189-220
84        android:usesCleartextTraffic="true" >
84-->src\debug\AndroidManifest.xml:6:18-53
85        <meta-data
85-->src\main\AndroidManifest.xml:20:5-83
86            android:name="expo.modules.updates.ENABLED"
86-->src\main\AndroidManifest.xml:20:16-59
87            android:value="false" />
87-->src\main\AndroidManifest.xml:20:60-81
88        <meta-data
88-->src\main\AndroidManifest.xml:21:5-93
89            android:name="expo.modules.updates.EXPO_SDK_VERSION"
89-->src\main\AndroidManifest.xml:21:16-68
90            android:value="49.0.0" />
90-->src\main\AndroidManifest.xml:21:69-91
91        <meta-data
91-->src\main\AndroidManifest.xml:22:5-105
92            android:name="expo.modules.updates.EXPO_UPDATES_CHECK_ON_LAUNCH"
92-->src\main\AndroidManifest.xml:22:16-80
93            android:value="ALWAYS" />
93-->src\main\AndroidManifest.xml:22:81-103
94        <meta-data
94-->src\main\AndroidManifest.xml:23:5-99
95            android:name="expo.modules.updates.EXPO_UPDATES_LAUNCH_WAIT_MS"
95-->src\main\AndroidManifest.xml:23:16-79
96            android:value="0" />
96-->src\main\AndroidManifest.xml:23:80-97
97
98        <activity
98-->src\main\AndroidManifest.xml:24:5-36:16
99            android:name="com.davidpr.Receptarium.MainActivity"
99-->src\main\AndroidManifest.xml:24:15-43
100            android:configChanges="keyboard|keyboardHidden|orientation|screenSize|uiMode"
100-->src\main\AndroidManifest.xml:24:77-154
101            android:exported="true"
101-->src\main\AndroidManifest.xml:24:273-296
102            android:label="@string/app_name"
102-->src\main\AndroidManifest.xml:24:44-76
103            android:launchMode="singleTask"
103-->src\main\AndroidManifest.xml:24:155-186
104            android:screenOrientation="portrait"
104-->src\main\AndroidManifest.xml:24:297-333
105            android:theme="@style/Theme.App.SplashScreen"
105-->src\main\AndroidManifest.xml:24:227-272
106            android:windowSoftInputMode="adjustPan" >
106-->src\main\AndroidManifest.xml:24:187-226
107            <intent-filter>
107-->src\main\AndroidManifest.xml:25:7-28:23
108                <action android:name="android.intent.action.MAIN" />
108-->src\main\AndroidManifest.xml:26:9-60
108-->src\main\AndroidManifest.xml:26:17-58
109
110                <category android:name="android.intent.category.LAUNCHER" />
110-->src\main\AndroidManifest.xml:27:9-68
110-->src\main\AndroidManifest.xml:27:19-66
111            </intent-filter>
112            <intent-filter>
112-->src\main\AndroidManifest.xml:29:7-35:23
113                <action android:name="android.intent.action.VIEW" />
113-->src\main\AndroidManifest.xml:14:7-58
113-->src\main\AndroidManifest.xml:14:15-56
114
115                <category android:name="android.intent.category.DEFAULT" />
115-->src\main\AndroidManifest.xml:31:9-67
115-->src\main\AndroidManifest.xml:31:19-65
116                <category android:name="android.intent.category.BROWSABLE" />
116-->src\main\AndroidManifest.xml:15:7-67
116-->src\main\AndroidManifest.xml:15:17-65
117
118                <data android:scheme="com.davidpr.Receptarium" />
118-->src\main\AndroidManifest.xml:16:7-37
118-->src\main\AndroidManifest.xml:16:13-35
119                <data android:scheme="exp+receptarium-estasi" />
119-->src\main\AndroidManifest.xml:16:7-37
119-->src\main\AndroidManifest.xml:16:13-35
120            </intent-filter>
121        </activity>
122        <activity
122-->src\main\AndroidManifest.xml:37:5-106
123            android:name="com.facebook.react.devsupport.DevSettingsActivity"
123-->src\main\AndroidManifest.xml:37:15-79
124            android:exported="false" />
124-->src\main\AndroidManifest.xml:37:80-104
125
126        <meta-data
126-->[:react-native-firebase_app] AndroidManifest.xml:9:9-11:36
127            android:name="app_data_collection_default_enabled"
127-->[:react-native-firebase_app] AndroidManifest.xml:10:13-63
128            android:value="true" />
128-->[:react-native-firebase_app] AndroidManifest.xml:11:13-33
129
130        <service
130-->[:react-native-firebase_app] AndroidManifest.xml:13:9-21:19
131            android:name="com.google.firebase.components.ComponentDiscoveryService"
131-->[:react-native-firebase_app] AndroidManifest.xml:14:13-84
132            android:directBootAware="true"
132-->[:react-native-firebase_app] AndroidManifest.xml:15:13-43
133            android:exported="false" >
133-->[:react-native-firebase_app] AndroidManifest.xml:16:13-37
134            <meta-data
134-->[:react-native-firebase_app] AndroidManifest.xml:18:13-20:85
135                android:name="com.google.firebase.components:io.invertase.firebase.app.ReactNativeFirebaseAppRegistrar"
135-->[:react-native-firebase_app] AndroidManifest.xml:19:17-120
136                android:value="com.google.firebase.components.ComponentRegistrar" />
136-->[:react-native-firebase_app] AndroidManifest.xml:20:17-82
137            <meta-data
137-->[com.google.firebase:firebase-auth:22.3.1] AndroidManifest.xml:69:13-71:85
138                android:name="com.google.firebase.components:com.google.firebase.auth.FirebaseAuthRegistrar"
138-->[com.google.firebase:firebase-auth:22.3.1] AndroidManifest.xml:70:17-109
139                android:value="com.google.firebase.components.ComponentRegistrar" />
139-->[com.google.firebase:firebase-auth:22.3.1] AndroidManifest.xml:71:17-82
140            <meta-data
140-->[com.google.firebase:firebase-common-ktx:20.4.2] AndroidManifest.xml:12:13-14:85
141                android:name="com.google.firebase.components:com.google.firebase.ktx.FirebaseCommonLegacyRegistrar"
141-->[com.google.firebase:firebase-common-ktx:20.4.2] AndroidManifest.xml:13:17-116
142                android:value="com.google.firebase.components.ComponentRegistrar" />
142-->[com.google.firebase:firebase-common-ktx:20.4.2] AndroidManifest.xml:14:17-82
143            <meta-data
143-->[com.google.firebase:firebase-common:20.4.2] AndroidManifest.xml:35:13-37:85
144                android:name="com.google.firebase.components:com.google.firebase.FirebaseCommonKtxRegistrar"
144-->[com.google.firebase:firebase-common:20.4.2] AndroidManifest.xml:36:17-109
145                android:value="com.google.firebase.components.ComponentRegistrar" />
145-->[com.google.firebase:firebase-common:20.4.2] AndroidManifest.xml:37:17-82
146        </service>
147
148        <provider
148-->[:react-native-firebase_app] AndroidManifest.xml:23:9-27:38
149            android:name="io.invertase.firebase.app.ReactNativeFirebaseAppInitProvider"
149-->[:react-native-firebase_app] AndroidManifest.xml:24:13-88
150            android:authorities="com.davidpr.Receptarium.reactnativefirebaseappinitprovider"
150-->[:react-native-firebase_app] AndroidManifest.xml:25:13-86
151            android:exported="false"
151-->[:react-native-firebase_app] AndroidManifest.xml:26:13-37
152            android:initOrder="99" />
152-->[:react-native-firebase_app] AndroidManifest.xml:27:13-35
153
154        <meta-data
154-->[:expo-dev-launcher] AndroidManifest.xml:12:9-14:37
155            android:name="expo.modules.updates.AUTO_SETUP"
155-->[:expo-dev-launcher] AndroidManifest.xml:13:13-59
156            android:value="false" />
156-->[:expo-dev-launcher] AndroidManifest.xml:14:13-34
157
158        <activity
158-->[:expo-dev-launcher] AndroidManifest.xml:16:9-29:20
159            android:name="expo.modules.devlauncher.launcher.DevLauncherActivity"
159-->[:expo-dev-launcher] AndroidManifest.xml:17:13-81
160            android:exported="true"
160-->[:expo-dev-launcher] AndroidManifest.xml:18:13-36
161            android:launchMode="singleTask"
161-->[:expo-dev-launcher] AndroidManifest.xml:19:13-44
162            android:theme="@style/Theme.DevLauncher.LauncherActivity" >
162-->[:expo-dev-launcher] AndroidManifest.xml:20:13-70
163            <intent-filter>
163-->[:expo-dev-launcher] AndroidManifest.xml:21:13-28:29
164                <action android:name="android.intent.action.VIEW" />
164-->src\main\AndroidManifest.xml:14:7-58
164-->src\main\AndroidManifest.xml:14:15-56
165
166                <category android:name="android.intent.category.DEFAULT" />
166-->src\main\AndroidManifest.xml:31:9-67
166-->src\main\AndroidManifest.xml:31:19-65
167                <category android:name="android.intent.category.BROWSABLE" />
167-->src\main\AndroidManifest.xml:15:7-67
167-->src\main\AndroidManifest.xml:15:17-65
168
169                <data android:scheme="expo-dev-launcher" />
169-->src\main\AndroidManifest.xml:16:7-37
169-->src\main\AndroidManifest.xml:16:13-35
170            </intent-filter>
171        </activity>
172        <activity
172-->[:expo-dev-launcher] AndroidManifest.xml:30:9-33:70
173            android:name="expo.modules.devlauncher.launcher.errors.DevLauncherErrorActivity"
173-->[:expo-dev-launcher] AndroidManifest.xml:31:13-93
174            android:screenOrientation="portrait"
174-->[:expo-dev-launcher] AndroidManifest.xml:32:13-49
175            android:theme="@style/Theme.DevLauncher.ErrorActivity" />
175-->[:expo-dev-launcher] AndroidManifest.xml:33:13-67
176        <activity
176-->[:expo-dev-menu] AndroidManifest.xml:8:9-21:20
177            android:name="expo.modules.devmenu.DevMenuActivity"
177-->[:expo-dev-menu] AndroidManifest.xml:9:13-64
178            android:exported="true"
178-->[:expo-dev-menu] AndroidManifest.xml:10:13-36
179            android:launchMode="singleTask"
179-->[:expo-dev-menu] AndroidManifest.xml:11:13-44
180            android:theme="@style/Theme.AppCompat.Transparent.NoActionBar" >
180-->[:expo-dev-menu] AndroidManifest.xml:12:13-75
181            <intent-filter>
181-->[:expo-dev-menu] AndroidManifest.xml:13:13-20:29
182                <action android:name="android.intent.action.VIEW" />
182-->src\main\AndroidManifest.xml:14:7-58
182-->src\main\AndroidManifest.xml:14:15-56
183
184                <category android:name="android.intent.category.DEFAULT" />
184-->src\main\AndroidManifest.xml:31:9-67
184-->src\main\AndroidManifest.xml:31:19-65
185                <category android:name="android.intent.category.BROWSABLE" />
185-->src\main\AndroidManifest.xml:15:7-67
185-->src\main\AndroidManifest.xml:15:17-65
186
187                <data android:scheme="expo-dev-menu" />
187-->src\main\AndroidManifest.xml:16:7-37
187-->src\main\AndroidManifest.xml:16:13-35
188            </intent-filter>
189        </activity>
190
191        <provider
191-->[:expo-file-system] AndroidManifest.xml:21:9-30:20
192            android:name="expo.modules.filesystem.FileSystemFileProvider"
192-->[:expo-file-system] AndroidManifest.xml:22:13-74
193            android:authorities="com.davidpr.Receptarium.FileSystemFileProvider"
193-->[:expo-file-system] AndroidManifest.xml:23:13-74
194            android:exported="false"
194-->[:expo-file-system] AndroidManifest.xml:24:13-37
195            android:grantUriPermissions="true" >
195-->[:expo-file-system] AndroidManifest.xml:25:13-47
196            <meta-data
196-->[:expo-file-system] AndroidManifest.xml:27:13-29:70
197                android:name="android.support.FILE_PROVIDER_PATHS"
197-->[:expo-file-system] AndroidManifest.xml:28:17-67
198                android:resource="@xml/file_system_provider_paths" />
198-->[:expo-file-system] AndroidManifest.xml:29:17-67
199        </provider>
200
201        <service
201-->[:expo-image-picker] AndroidManifest.xml:30:9-42:19
202            android:name="com.google.android.gms.metadata.ModuleDependencies"
202-->[:expo-image-picker] AndroidManifest.xml:31:13-78
203            android:enabled="false"
203-->[:expo-image-picker] AndroidManifest.xml:32:13-36
204            android:exported="false" >
204-->[:expo-image-picker] AndroidManifest.xml:33:13-37
205            <intent-filter>
205-->[:expo-image-picker] AndroidManifest.xml:35:13-37:29
206                <action android:name="com.google.android.gms.metadata.MODULE_DEPENDENCIES" />
206-->[:expo-image-picker] AndroidManifest.xml:36:17-94
206-->[:expo-image-picker] AndroidManifest.xml:36:25-91
207            </intent-filter>
208
209            <meta-data
209-->[:expo-image-picker] AndroidManifest.xml:39:13-41:36
210                android:name="photopicker_activity:0:required"
210-->[:expo-image-picker] AndroidManifest.xml:40:17-63
211                android:value="" />
211-->[:expo-image-picker] AndroidManifest.xml:41:17-33
212        </service>
213
214        <activity
214-->[:expo-image-picker] AndroidManifest.xml:44:9-46:59
215            android:name="com.canhub.cropper.CropImageActivity"
215-->[:expo-image-picker] AndroidManifest.xml:45:13-64
216            android:exported="true"
216-->[com.github.CanHub:Android-Image-Cropper:4.3.1] AndroidManifest.xml:35:13-36
217            android:theme="@style/Base.Theme.AppCompat" /> <!-- https://developer.android.com/guide/topics/manifest/provider-element.html -->
217-->[:expo-image-picker] AndroidManifest.xml:46:13-56
218        <provider
218-->[:expo-image-picker] AndroidManifest.xml:48:9-56:20
219            android:name="expo.modules.imagepicker.fileprovider.ImagePickerFileProvider"
219-->[:expo-image-picker] AndroidManifest.xml:49:13-89
220            android:authorities="com.davidpr.Receptarium.ImagePickerFileProvider"
220-->[:expo-image-picker] AndroidManifest.xml:50:13-75
221            android:exported="false"
221-->[:expo-image-picker] AndroidManifest.xml:51:13-37
222            android:grantUriPermissions="true" >
222-->[:expo-image-picker] AndroidManifest.xml:52:13-47
223            <meta-data
223-->[:expo-file-system] AndroidManifest.xml:27:13-29:70
224                android:name="android.support.FILE_PROVIDER_PATHS"
224-->[:expo-file-system] AndroidManifest.xml:28:17-67
225                android:resource="@xml/image_picker_provider_paths" />
225-->[:expo-file-system] AndroidManifest.xml:29:17-67
226        </provider>
227
228        <service
228-->[:expo-location] AndroidManifest.xml:12:9-15:56
229            android:name="expo.modules.location.services.LocationTaskService"
229-->[:expo-location] AndroidManifest.xml:13:13-78
230            android:exported="false"
230-->[:expo-location] AndroidManifest.xml:14:13-37
231            android:foregroundServiceType="location" />
231-->[:expo-location] AndroidManifest.xml:15:13-53
232
233        <meta-data
233-->[:expo-modules-core] AndroidManifest.xml:9:9-11:89
234            android:name="org.unimodules.core.AppLoader#react-native-headless"
234-->[:expo-modules-core] AndroidManifest.xml:10:13-79
235            android:value="expo.modules.adapters.react.apploader.RNHeadlessAppLoader" />
235-->[:expo-modules-core] AndroidManifest.xml:11:13-86
236        <meta-data
236-->[:expo-modules-core] AndroidManifest.xml:12:9-15:45
237            android:name="com.facebook.soloader.enabled"
237-->[:expo-modules-core] AndroidManifest.xml:13:13-57
238            android:value="true" />
238-->[:expo-modules-core] AndroidManifest.xml:14:13-33
239
240        <activity
240-->[com.google.firebase:firebase-auth:22.3.1] AndroidManifest.xml:29:9-46:20
241            android:name="com.google.firebase.auth.internal.GenericIdpActivity"
241-->[com.google.firebase:firebase-auth:22.3.1] AndroidManifest.xml:30:13-80
242            android:excludeFromRecents="true"
242-->[com.google.firebase:firebase-auth:22.3.1] AndroidManifest.xml:31:13-46
243            android:exported="true"
243-->[com.google.firebase:firebase-auth:22.3.1] AndroidManifest.xml:32:13-36
244            android:launchMode="singleTask"
244-->[com.google.firebase:firebase-auth:22.3.1] AndroidManifest.xml:33:13-44
245            android:theme="@android:style/Theme.Translucent.NoTitleBar" >
245-->[com.google.firebase:firebase-auth:22.3.1] AndroidManifest.xml:34:13-72
246            <intent-filter>
246-->[com.google.firebase:firebase-auth:22.3.1] AndroidManifest.xml:35:13-45:29
247                <action android:name="android.intent.action.VIEW" />
247-->src\main\AndroidManifest.xml:14:7-58
247-->src\main\AndroidManifest.xml:14:15-56
248
249                <category android:name="android.intent.category.DEFAULT" />
249-->src\main\AndroidManifest.xml:31:9-67
249-->src\main\AndroidManifest.xml:31:19-65
250                <category android:name="android.intent.category.BROWSABLE" />
250-->src\main\AndroidManifest.xml:15:7-67
250-->src\main\AndroidManifest.xml:15:17-65
251
252                <data
252-->src\main\AndroidManifest.xml:16:7-37
253                    android:host="firebase.auth"
254                    android:path="/"
255                    android:scheme="genericidp" />
255-->src\main\AndroidManifest.xml:16:13-35
256            </intent-filter>
257        </activity>
258        <activity
258-->[com.google.firebase:firebase-auth:22.3.1] AndroidManifest.xml:47:9-64:20
259            android:name="com.google.firebase.auth.internal.RecaptchaActivity"
259-->[com.google.firebase:firebase-auth:22.3.1] AndroidManifest.xml:48:13-79
260            android:excludeFromRecents="true"
260-->[com.google.firebase:firebase-auth:22.3.1] AndroidManifest.xml:49:13-46
261            android:exported="true"
261-->[com.google.firebase:firebase-auth:22.3.1] AndroidManifest.xml:50:13-36
262            android:launchMode="singleTask"
262-->[com.google.firebase:firebase-auth:22.3.1] AndroidManifest.xml:51:13-44
263            android:theme="@android:style/Theme.Translucent.NoTitleBar" >
263-->[com.google.firebase:firebase-auth:22.3.1] AndroidManifest.xml:52:13-72
264            <intent-filter>
264-->[com.google.firebase:firebase-auth:22.3.1] AndroidManifest.xml:53:13-63:29
265                <action android:name="android.intent.action.VIEW" />
265-->src\main\AndroidManifest.xml:14:7-58
265-->src\main\AndroidManifest.xml:14:15-56
266
267                <category android:name="android.intent.category.DEFAULT" />
267-->src\main\AndroidManifest.xml:31:9-67
267-->src\main\AndroidManifest.xml:31:19-65
268                <category android:name="android.intent.category.BROWSABLE" />
268-->src\main\AndroidManifest.xml:15:7-67
268-->src\main\AndroidManifest.xml:15:17-65
269
270                <data
270-->src\main\AndroidManifest.xml:16:7-37
271                    android:host="firebase.auth"
272                    android:path="/"
273                    android:scheme="recaptcha" />
273-->src\main\AndroidManifest.xml:16:13-35
274            </intent-filter>
275        </activity>
276
277        <provider
277-->[com.google.firebase:firebase-common:20.4.2] AndroidManifest.xml:23:9-28:39
278            android:name="com.google.firebase.provider.FirebaseInitProvider"
278-->[com.google.firebase:firebase-common:20.4.2] AndroidManifest.xml:24:13-77
279            android:authorities="com.davidpr.Receptarium.firebaseinitprovider"
279-->[com.google.firebase:firebase-common:20.4.2] AndroidManifest.xml:25:13-72
280            android:directBootAware="true"
280-->[com.google.firebase:firebase-common:20.4.2] AndroidManifest.xml:26:13-43
281            android:exported="false"
281-->[com.google.firebase:firebase-common:20.4.2] AndroidManifest.xml:27:13-37
282            android:initOrder="100" />
282-->[com.google.firebase:firebase-common:20.4.2] AndroidManifest.xml:28:13-36
283        <provider
283-->[com.github.CanHub:Android-Image-Cropper:4.3.1] AndroidManifest.xml:23:9-31:20
284            android:name="com.canhub.cropper.CropFileProvider"
284-->[com.github.CanHub:Android-Image-Cropper:4.3.1] AndroidManifest.xml:24:13-63
285            android:authorities="com.davidpr.Receptarium.cropper.fileprovider"
285-->[com.github.CanHub:Android-Image-Cropper:4.3.1] AndroidManifest.xml:25:13-72
286            android:exported="false"
286-->[com.github.CanHub:Android-Image-Cropper:4.3.1] AndroidManifest.xml:26:13-37
287            android:grantUriPermissions="true" >
287-->[com.github.CanHub:Android-Image-Cropper:4.3.1] AndroidManifest.xml:27:13-47
288            <meta-data
288-->[:expo-file-system] AndroidManifest.xml:27:13-29:70
289                android:name="android.support.FILE_PROVIDER_PATHS"
289-->[:expo-file-system] AndroidManifest.xml:28:17-67
290                android:resource="@xml/library_file_paths" />
290-->[:expo-file-system] AndroidManifest.xml:29:17-67
291        </provider>
292
293        <activity
293-->[com.google.android.gms:play-services-auth:20.7.0] AndroidManifest.xml:23:9-27:75
294            android:name="com.google.android.gms.auth.api.signin.internal.SignInHubActivity"
294-->[com.google.android.gms:play-services-auth:20.7.0] AndroidManifest.xml:24:13-93
295            android:excludeFromRecents="true"
295-->[com.google.android.gms:play-services-auth:20.7.0] AndroidManifest.xml:25:13-46
296            android:exported="false"
296-->[com.google.android.gms:play-services-auth:20.7.0] AndroidManifest.xml:26:13-37
297            android:theme="@android:style/Theme.Translucent.NoTitleBar" />
297-->[com.google.android.gms:play-services-auth:20.7.0] AndroidManifest.xml:27:13-72
298        <!--
299            Service handling Google Sign-In user revocation. For apps that do not integrate with
300            Google Sign-In, this service will never be started.
301        -->
302        <service
302-->[com.google.android.gms:play-services-auth:20.7.0] AndroidManifest.xml:33:9-37:51